2009-09-23 09:19:16,956 INFO  [DefaultSoapUICore] initialized soapui-settings from [/scratch/apps/soapui/soapui-settings.xml]
2009-09-23 09:19:18,567 INFO  [WorkspaceImpl] Loading workspace from [/scratch/projects/soapui-files/psicquic-workspace.xml]
2009-09-23 09:19:18,928 INFO  [WsdlProject] Loaded project from [file:/scratch/projects/soapui-files/Psicquic%20IntAct-soapui-project.xml]
2009-09-23 09:19:20,109 INFO  [WsdlProject] Loaded project from [file:/scratch/projects/soapui-files/Psicquic%20Local-soapui-project.xml]
2009-09-23 09:19:20,146 INFO  [WsdlProject] Loaded project from [file:/scratch/projects/soapui-files/Psicquic%20IntAct%20REST-soapui-project.xml]
2009-09-23 09:19:20,362 INFO  [WsdlProject] Loaded project from [file:/scratch/projects/soapui-files/Psicquic%20MATRIXDB-soapui-project.xml]
2009-09-23 09:19:20,425 INFO  [WsdlProject] Loaded project from [file:/scratch/projects/soapui-files/IntAct%20Search%20WS-soapui-project.xml]
2009-09-23 09:19:20,491 INFO  [WsdlProject] Loaded project from [file:/scratch/projects/soapui-files/citexplore-soapui-project.xml]
2009-09-23 09:19:20,503 INFO  [WsdlProject] Loaded project from [file:/scratch/projects/soapui-files/Intact%20Old%20binary%20search%20ws-soapui-project.xml]
2009-09-23 09:19:49,842 INFO  [SchemaUtils] Added default schema from file:/scratch/apps/soapui-2.5/bin/soapui-2.5.jar!/com/eviware/soapui/resources/xsds/xop.xsd with targetNamespace http://www.w3.org/2004/08/xop/include
2009-09-23 09:19:49,949 INFO  [SchemaUtils] Added default schema from file:/scratch/apps/soapui-2.5/bin/soapui-2.5.jar!/com/eviware/soapui/resources/xsds/XMLSchema.xsd with targetNamespace http://www.w3.org/2001/XMLSchema
2009-09-23 09:19:49,951 INFO  [SchemaUtils] Added default schema from file:/scratch/apps/soapui-2.5/bin/soapui-2.5.jar!/com/eviware/soapui/resources/xsds/xml.xsd with targetNamespace http://www.w3.org/XML/1998/namespace
2009-09-23 09:19:49,954 INFO  [SchemaUtils] Added default schema from file:/scratch/apps/soapui-2.5/bin/soapui-2.5.jar!/com/eviware/soapui/resources/xsds/swaref.xsd with targetNamespace http://ws-i.org/profiles/basic/1.1/xsd
2009-09-23 09:19:49,958 INFO  [SchemaUtils] Added default schema from file:/scratch/apps/soapui-2.5/bin/soapui-2.5.jar!/com/eviware/soapui/resources/xsds/xmime200505.xsd with targetNamespace http://www.w3.org/2005/05/xmlmime
2009-09-23 09:19:49,960 INFO  [SchemaUtils] Added default schema from file:/scratch/apps/soapui-2.5/bin/soapui-2.5.jar!/com/eviware/soapui/resources/xsds/xmime200411.xsd with targetNamespace http://www.w3.org/2004/11/xmlmime
2009-09-23 09:19:49,963 INFO  [SchemaUtils] Added default schema from file:/scratch/apps/soapui-2.5/bin/soapui-2.5.jar!/com/eviware/soapui/resources/xsds/soapEnvelope.xsd with targetNamespace http://schemas.xmlsoap.org/soap/envelope/
2009-09-23 09:19:49,973 INFO  [SchemaUtils] Added default schema from file:/scratch/apps/soapui-2.5/bin/soapui-2.5.jar!/com/eviware/soapui/resources/xsds/soapEncoding.xsd with targetNamespace http://schemas.xmlsoap.org/soap/encoding/
2009-09-23 09:19:49,975 INFO  [SchemaUtils] Added default schema from file:/scratch/apps/soapui-2.5/bin/soapui-2.5.jar!/com/eviware/soapui/resources/xsds/soapEnvelope12.xsd with targetNamespace http://www.w3.org/2003/05/soap-envelope
2009-09-23 09:19:49,985 INFO  [SchemaUtils] Added default schema from file:/scratch/apps/soapui-2.5/bin/soapui-2.5.jar!/com/eviware/soapui/resources/xsds/soapEncoding12.xsd with targetNamespace http://www.w3.org/2003/05/soap-encoding
2009-09-23 09:19:52,130 INFO  [WsdlLoader] BaseURI was redirected to [http://string-db.org/psicquic/ws?xsd=1]
2009-09-23 09:19:52,331 INFO  [WsdlLoader] BaseURI was redirected to [http://string-db.org/psicquic/ws?xsd=2]
2009-09-23 09:19:53,092 INFO  [SchemaUtils] Loading schema types from [http://string-db.org/psicquic/ws?wsdl]
2009-09-23 09:19:53,093 INFO  [SchemaUtils] Getting schema http://string-db.org/psicquic/ws?wsdl
2009-09-23 09:19:53,133 INFO  [SchemaUtils] Getting schema http://string-db.org:80/psicquic/ws?xsd=1
2009-09-23 09:19:53,136 INFO  [SchemaUtils] Getting schema http://string-db.org:80/psicquic/ws?xsd=2
2009-09-23 09:19:53,944 INFO  [WsdlImporter] Finding importer for {http://psi.hupo.org/mi/psicquic}stringPsicquicServicePortBinding
2009-09-23 09:19:53,955 INFO  [WsdlImporter] Importing binding {http://psi.hupo.org/mi/psicquic}stringPsicquicServicePortBinding
2009-09-23 09:19:54,038 INFO  [Soap11HttpBindingImporter] importing endpoint http://string-db.org:80/psicquic/ws
2009-09-23 09:19:54,104 INFO  [Soap11HttpBindingImporter] importing operation getByInteraction
2009-09-23 09:19:54,112 INFO  [Soap11HttpBindingImporter] importing operation getByInteractionList
2009-09-23 09:19:54,113 INFO  [Soap11HttpBindingImporter] importing operation getByInteractor
2009-09-23 09:19:54,115 INFO  [Soap11HttpBindingImporter] importing operation getByInteractorList
2009-09-23 09:19:54,116 INFO  [Soap11HttpBindingImporter] importing operation getByQuery
2009-09-23 09:19:54,128 INFO  [Soap11HttpBindingImporter] importing operation getSupportedDbAcs
2009-09-23 09:19:54,130 INFO  [Soap11HttpBindingImporter] importing operation getSupportedReturnTypes
2009-09-23 09:19:54,131 INFO  [Soap11HttpBindingImporter] importing operation getVersion
2009-09-23 09:20:07,268 INFO  [AbstractHttpRequestDesktopPanel] Got response for [stringPsicquicServicePortBinding.getVersion:Request 1] in 3677ms (277 bytes)
2009-09-23 09:20:37,766 INFO  [AbstractHttpRequestDesktopPanel] Got response for [stringPsicquicServicePortBinding.getByQuery:Request 1] in 2412ms (4950 bytes)
2009-09-23 09:21:20,145 INFO  [AbstractHttpRequestDesktopPanel] Got response for [stringPsicquicServicePortBinding.getByInteractor:Request 1] in 107ms (5135 bytes)
2009-09-23 09:22:15,980 INFO  [AbstractHttpRequestDesktopPanel] Got response for [stringPsicquicServicePortBinding.getByInteraction:Request 1] in 160ms (4956 bytes)
2009-09-23 09:22:25,126 INFO  [AbstractHttpRequestDesktopPanel] Got response for [stringPsicquicServicePortBinding.getSupportedDbAcs:Request 1] in 80ms (227 bytes)
2009-09-23 09:22:49,489 INFO  [AbstractHttpRequestDesktopPanel] Got response for [stringPsicquicServicePortBinding.getByInteractorList:Request 1] in 1931ms (9927 bytes)
2009-09-23 09:23:14,624 INFO  [AbstractHttpRequestDesktopPanel] Got response for [stringPsicquicServicePortBinding.getByInteractorList:Request 1] in 418ms (9927 bytes)
2009-09-23 09:23:31,647 INFO  [AbstractHttpRequestDesktopPanel] Got response for [stringPsicquicServicePortBinding.getByInteractorList:Request 1] in 121ms (5040 bytes)
2009-09-23 09:23:49,953 INFO  [AbstractHttpRequestDesktopPanel] Got response for [stringPsicquicServicePortBinding.getVersion:Request 1] in 59ms (277 bytes)
2009-09-23 09:23:56,977 INFO  [AbstractHttpRequestDesktopPanel] Got response for [stringPsicquicServicePortBinding.getSupportedReturnTypes:Request 1] in 77ms (344 bytes)
2009-09-23 10:09:36,675 INFO  [AbstractHttpRequestDesktopPanel] Got response for [stringPsicquicServicePortBinding.getByInteractor:Request 1] in 129ms (5133 bytes)
2009-09-23 10:10:05,205 INFO  [AbstractHttpRequestDesktopPanel] Got response for [stringPsicquicServicePortBinding.getByInteractor:Request 1] in 160ms (4875 bytes)
2009-09-23 10:10:15,562 INFO  [AbstractHttpRequestDesktopPanel] Got response for [stringPsicquicServicePortBinding.getByInteractor:Request 1] in 97ms (5133 bytes)
2009-09-23 10:10:24,316 INFO  [AbstractHttpRequestDesktopPanel] Got response for [stringPsicquicServicePortBinding.getByInteractor:Request 1] in 101ms (5133 bytes)
2009-09-23 10:10:30,554 INFO  [AbstractHttpRequestDesktopPanel] Got response for [stringPsicquicServicePortBinding.getByInteractor:Request 1] in 90ms (5133 bytes)
2009-09-23 10:53:26,906 INFO  [AbstractHttpRequestDesktopPanel] Got response for [stringPsicquicServicePortBinding.getByInteractor:Request 1] in 160ms (5145 bytes)
2009-09-23 10:53:33,614 INFO  [AbstractHttpRequestDesktopPanel] Got response for [stringPsicquicServicePortBinding.getByInteractor:Request 1] in 106ms (5145 bytes)
2009-09-23 10:53:39,386 INFO  [AbstractHttpRequestDesktopPanel] Got response for [stringPsicquicServicePortBinding.getByInteractor:Request 1] in 89ms (5145 bytes)
2009-09-23 10:54:41,432 INFO  [AbstractHttpRequestDesktopPanel] Got response for [stringPsicquicServicePortBinding.getByInteractor:Request 1] in 1193ms (1901 bytes)
2009-09-23 10:56:23,885 INFO  [AbstractHttpRequestDesktopPanel] Got response for [stringPsicquicServicePortBinding.getByInteractor:Request 1] in 9763ms (5972 bytes)
2009-09-23 10:57:28,673 INFO  [AbstractHttpRequestDesktopPanel] Got response for [stringPsicquicServicePortBinding.getByInteractor:Request 1] in 17140ms (13773 bytes)
2009-09-23 10:59:12,318 INFO  [AbstractHttpRequestDesktopPanel] Got response for [stringPsicquicServicePortBinding.getByInteractor:Request 1] in 416ms (10717 bytes)
2009-09-23 10:59:21,800 INFO  [AbstractHttpRequestDesktopPanel] Got response for [stringPsicquicServicePortBinding.getByInteractor:Request 1] in 443ms (9825 bytes)
2009-09-23 11:56:56,783 INFO  [AbstractHttpRequestDesktopPanel] Got response for [stringPsicquicServicePortBinding.getByInteractor:Request 1] in 466ms (9825 bytes)
2009-09-23 11:57:16,723 INFO  [AbstractHttpRequestDesktopPanel] Got response for [stringPsicquicServicePortBinding.getByInteractor:Request 1] in 2250ms (13773 bytes)
2009-09-23 13:33:05,429 INFO  [DefaultSoapUICore] Settings saved to [/scratch/apps/soapui/soapui-settings.xml]
2009-09-23 13:33:05,486 INFO  [WsdlProject] Saved project [Psicquic IntAct] to [/scratch/projects/soapui-files/Psicquic IntAct-soapui-project.xml - 53485 bytes
2009-09-23 13:33:05,513 INFO  [WsdlProject] Saved project [Psicquic Local] to [/scratch/projects/soapui-files/Psicquic Local-soapui-project.xml - 51389 bytes
2009-09-23 13:33:05,517 INFO  [WsdlProject] Saved project [Psicquic IntAct REST] to [/scratch/projects/soapui-files/Psicquic IntAct REST-soapui-project.xml - 3463 bytes
2009-09-23 13:33:05,543 INFO  [WsdlProject] Saved project [Psicquic MATRIXDB] to [/scratch/projects/soapui-files/Psicquic MATRIXDB-soapui-project.xml - 48692 bytes
2009-09-23 13:33:05,611 INFO  [WsdlProject] Saved project [IntAct Search WS] to [/scratch/projects/soapui-files/IntAct Search WS-soapui-project.xml - 58572 bytes
2009-09-23 13:33:05,641 INFO  [WsdlProject] Saved project [citexplore] to [/scratch/projects/soapui-files/citexplore-soapui-project.xml - 28393 bytes
2009-09-23 13:33:05,644 INFO  [WsdlProject] Saved project [Intact Old binary search ws] to [/scratch/projects/soapui-files/Intact Old binary search ws-soapui-project.xml - 10064 bytes
2009-09-23 13:33:07,272 INFO  [WorkspaceImpl] Saved workspace to [/scratch/projects/soapui-files/psicquic-workspace.xml]
